<?xml version="1.0" encoding="UTF-8"?>
<!-- Generated by org.testng.reporters.JUnitReportReporter -->
<testsuite hostname="Aelaina" failures="0" tests="1" name="seleniumProgramsPkg.B_FacebookTest" time="6.884" errors="0" timestamp="2023-09-07T00:04:30 EDT" skipped="0">
  <testcase classname="seleniumProgramsPkg.B_FacebookTest" name="B_Facebooklogin" time="6.884"/>
  <system-out/>
</testsuite> <!-- seleniumProgramsPkg.B_FacebookTest -->
