<?xml version="1.0" encoding="UTF-8"?>
<!-- Generated by org.testng.reporters.JUnitReportReporter -->
<testsuite hostname="Aelaina" failures="0" tests="3" name="seleniumProgramsPkg.ATest" time="2.743" errors="0" timestamp="2023-09-07T16:44:20 EDT" skipped="2">
  <testcase classname="seleniumProgramsPkg.ATest" name="basics" time="2.743"/>
  <system-out/>
  <testcase classname="seleniumProgramsPkg.ATest" name="A_practical">
    <skipped/>
  </testcase> <!-- A_practical -->
  <system-out/>
  <testcase classname="seleniumProgramsPkg.ATest" name="A_demonstrational">
    <skipped/>
  </testcase> <!-- A_demonstrational -->
  <system-out/>
</testsuite> <!-- seleniumProgramsPkg.ATest -->
